<?xml version="1.0" encoding="UTF-8"?>
<testng-results skipped="0" failed="1" ignored="1" total="3" passed="1">
  <reporter-output>
  </reporter-output>
  <suite name="growing-marketing" duration-ms="2173" started-at="2019-09-30T07:51:32Z" finished-at="2019-09-30T07:51:34Z">
    <groups>
    </groups>
    <test name="growing-marketing测试" duration-ms="2173" started-at="2019-09-30T07:51:32Z" finished-at="2019-09-30T07:51:34Z">
      <class name="per.hao.cases.marketing.automation.CampaignsTest">
        <test-method status="PASS" signature="setUp()[pri:0, instance:per.hao.cases.marketing.automation.CampaignsTest@27d57a2c]" name="setUp" is-config="true" duration-ms="100" started-at="2019-09-30T07:51:34Z" finished-at="2019-09-30T07:51:34Z">
          <reporter-output>
          </reporter-output>
        </test-method> <!-- setUp -->
        <test-method status="FAIL" signature="testCampaignsCreate(java.util.Map)[pri:0, instance:per.hao.cases.marketing.automation.CampaignsTest@27d57a2c]" name="testCampaignsCreate" duration-ms="95" started-at="2019-09-30T07:51:34Z" description="创建消息组" finished-at="2019-09-30T07:51:34Z">
          <params>
            <param index="0">
              <value>
                <![CDATA[{path=/_private/projects/${uid}/marketing/gtouch/campaigns, 参数模板={
    "name": "ITF-创建消息组${random}",
    "type": "banner",
    "productIds": [${productIds}],
    "state": "draft"
}, productIds="xogdzD9m", 用例标题=创建消息组, 用例编号=marketing-automation-1}]]>
              </value>
            </param>
          </params>
          <exception class="java.lang.AssertionError">
            <message>
              <![CDATA[<html>
<head><title>401 Authorization Required</title></head>
<body bgcolor="white">
<center><h1>401 Authorization Required</h1></center>
<hr><center>nginx</center>
</body>
</html>
 [not contain] ITF-创建消息组4bf36e00-5e56-4a1b-8183-97523508cfb1 expected [true] but found [false]]]>
            </message>
            <full-stacktrace>
              <![CDATA[java.lang.AssertionError: <html>
<head><title>401 Authorization Required</title></head>
<body bgcolor="white">
<center><h1>401 Authorization Required</h1></center>
<hr><center>nginx</center>
</body>
</html>
 [not contain] ITF-创建消息组4bf36e00-5e56-4a1b-8183-97523508cfb1 expected [true] but found [false]
at org.testng.Assert.fail(Assert.java:96)
at org.testng.Assert.failNotEquals(Assert.java:776)
at org.testng.Assert.assertTrue(Assert.java:44)
at per.hao.BaseTester.assertTextContain(BaseTester.java:28)
at per.hao.cases.marketing.automation.CampaignsTest.testCampaignsCreate(CampaignsTest.java:53)
at sun.reflect.NativeMethodAccessorImpl.invoke0(Native Method)
at sun.reflect.NativeMethodAccessorImpl.invoke(NativeMethodAccessorImpl.java:62)
at sun.reflect.DelegatingMethodAccessorImpl.invoke(DelegatingMethodAccessorImpl.java:43)
at java.lang.reflect.Method.invoke(Method.java:498)
at org.testng.internal.MethodInvocationHelper.invokeMethod(MethodInvocationHelper.java:124)
at org.testng.internal.Invoker.invokeMethod(Invoker.java:583)
at org.testng.internal.Invoker.invokeTestMethod(Invoker.java:719)
at org.testng.internal.Invoker.invokeTestMethods(Invoker.java:989)
at org.testng.internal.TestMethodWorker.invokeTestMethods(TestMethodWorker.java:125)
at org.testng.internal.TestMethodWorker.run(TestMethodWorker.java:109)
at java.util.concurrent.ThreadPoolExecutor.runWorker(ThreadPoolExecutor.java:1149)
at java.util.concurrent.ThreadPoolExecutor$Worker.run(ThreadPoolExecutor.java:624)
at java.lang.Thread.run(Thread.java:748)
]]>
            </full-stacktrace>
          </exception> <!-- java.lang.AssertionError -->
          <reporter-output>
          </reporter-output>
        </test-method> <!-- testCampaignsCreate -->
      </class> <!-- per.hao.cases.marketing.automation.CampaignsTest -->
      <class name="per.hao.cases.growing.marketing.MarketingPushTest">
        <test-method status="PASS" signature="setUp()[pri:0, instance:per.hao.cases.growing.marketing.MarketingPushTest@58a120b0]" name="setUp" is-config="true" duration-ms="305" started-at="2019-09-30T07:51:32Z" finished-at="2019-09-30T07:51:33Z">
          <reporter-output>
          </reporter-output>
        </test-method> <!-- setUp -->
        <test-method status="PASS" signature="testMarketingPush(java.util.Map)[pri:0, instance:per.hao.cases.growing.marketing.MarketingPushTest@58a120b0]" name="testMarketingPush" duration-ms="517" started-at="2019-09-30T07:51:34Z" description="G-Push推送接口" finished-at="2019-09-30T07:51:34Z">
          <params>
            <param index="0">
              <value>
                <![CDATA[{path=/api/v1/projects/${uid}/meta/marketing_push, actionType=openUrl, actionParameters=, 参数模板={
        "cid": "${cid}",
        "name": "ITF-自动化接口测试${cid}",
        "packageName": "com.growingio.giodemo",
        "audience": [${audience}],
        "notification": {
                "title": "ITF-自动化接口${random}",
                "alert": "收到一条新的留言，点击查看。",
                "extras": {
                        "key1": "value1",
                        "key2": "value2"
                },
                "actionType": "${actionType}",
                "actionTarget": "${actionTarget}",
                "actionParameters": {${actionParameters}}
        },
        "options": {
                "apnsProduction": true  }
}, audience="hzhang-小米", 
"hzhang-华为", 
"hzhang-apple", actionTarget=com.growingio.giodemo.MainActivity, 用例标题=推送打开应用, 用例编号=growing-marketing-1}]]>
              </value>
            </param>
          </params>
          <reporter-output>
          </reporter-output>
        </test-method> <!-- testMarketingPush -->
        <test-method status="PASS" signature="tearDown()[pri:0, instance:per.hao.cases.growing.marketing.MarketingPushTest@58a120b0]" name="tearDown" is-config="true" duration-ms="4" started-at="2019-09-30T07:51:35Z" finished-at="2019-09-30T07:51:35Z">
          <reporter-output>
          </reporter-output>
        </test-method> <!-- tearDown -->
      </class> <!-- per.hao.cases.growing.marketing.MarketingPushTest -->
    </test> <!-- growing-marketing测试 -->
  </suite> <!-- growing-marketing -->
</testng-results>
