<?xml version="1.0" encoding="UTF-8"?>
<testsuite xmlns:xsi="http://www.w3.org/2001/XMLSchema-instance" xsi:noNamespaceSchemaLocation="https://maven.apache.org/surefire/maven-surefire-plugin/xsd/surefire-test-report.xsd" name="TestSuite" time="3.549" tests="2" errors="0" skipped="0" failures="1">
  <properties>
[...]
</properties>
  <testcase name="testMarketingPush" classname="per.hao.cases.growing.marketing.MarketingPushTest" time="0.514"/>
  <testcase name="testCampaignsCreate" classname="per.hao.cases.marketing.automation.CampaignsTest" time="0.108">
    <failure message="&lt;html&gt;&#10;&lt;head&gt;&lt;title&gt;401 Authorization Required&lt;/title&gt;&lt;/head&gt;&#10;&lt;body bgcolor=&quot;white&quot;&gt;&#10;&lt;center&gt;&lt;h1&gt;401 Authorization Required&lt;/h1&gt;&lt;/center&gt;&#10;&lt;hr&gt;&lt;center&gt;nginx&lt;/center&gt;&#10;&lt;/body&gt;&#10;&lt;/html&gt;&#10; [not contain] ITF-创建消息组4bf36e00-5e56-4a1b-8183-97523508cfb1 expected [true] but found [false]" type="java.lang.AssertionError"><![CDATA[java.lang.AssertionError: 
<html>
<head><title>401 Authorization Required</title></head>
<body bgcolor="white">
<center><h1>401 Authorization Required</h1></center>
<hr><center>nginx</center>
</body>
</html>
 [not contain] ITF-创建消息组4bf36e00-5e56-4a1b-8183-97523508cfb1 expected [true] but found [false]
	at per.hao.cases.marketing.automation.CampaignsTest.testCampaignsCreate(CampaignsTest.java:53)
]]></failure>
  </testcase>
</testsuite>